<?xml version="1.0" encoding="UTF-8"?>
<!-- Generated by org.testng.reporters.JUnitReportReporter -->
<testsuite hostname="DESKTOP-L9T8KJC" failures="0" tests="1" name="eduit.com.pruebas.Laboratorio3_E2" time="2.150" errors="0" timestamp="2020-11-11T10:53:09 ART" skipped="0">
  <testcase classname="eduit.com.pruebas.Laboratorio3_E2" name="irRegistroLogin" time="2.150"/>
  <system-out/>
</testsuite> <!-- eduit.com.pruebas.Laboratorio3_E2 -->
