<?xml version="1.0" encoding="UTF-8"?>
<!-- Generated by org.testng.reporters.JUnitReportReporter -->
<testsuite hostname="DESKTOP-L9T8KJC" failures="0" tests="2" name="eduit.com.pruebas.Laboratorio3_E1" time="4.302" errors="0" timestamp="2020-11-11T08:22:30 ART" skipped="1">
  <testcase classname="eduit.com.pruebas.Laboratorio3_E1" name="registroUsuario" time="4.302"/>
  <system-out/>
  <testcase classname="eduit.com.pruebas.Laboratorio3_E1" name="verificarLink">
    <skipped/>
  </testcase> <!-- verificarLink -->
  <system-out/>
</testsuite> <!-- eduit.com.pruebas.Laboratorio3_E1 -->
