<?xml version="1.0" encoding="UTF-8"?>
<!-- Generated by org.testng.reporters.JUnitReportReporter -->
<testsuite skipped="0" hostname="DESKTOP-L9T8KJC" name="eduit.com.Clase1.AppTest" tests="1" failures="0" timestamp="2020-11-11T09:56:47 ART" time="0.004" errors="0">
  <testcase name="shouldAnswerWithTrue" time="0.004" classname="eduit.com.Clase1.AppTest"/>
  <system-out/>
</testsuite> <!-- eduit.com.Clase1.AppTest -->
